[0m20:16:55.320822 [debug] [MainThread]: Sending event: {'category': 'dbt', 'action': 'invocation', 'label': 'start', 'context': [<snowplow_tracker.self_describing_json.SelfDescribingJson object at 0x7dc200d4d280>, <snowplow_tracker.self_describing_json.SelfDescribingJson object at 0x7dc1ff5d4880>, <snowplow_tracker.self_describing_json.SelfDescribingJson object at 0x7dc1feb15eb0>]}


============================== 20:16:55.325876 | 25fced5b-6837-461d-b35d-d4815a76b7a6 ==============================
[0m20:16:55.325876 [info ] [MainThread]: Running with dbt=1.8.5
[0m20:16:55.326379 [debug] [MainThread]: running dbt with arguments {'printer_width': '80', 'indirect_selection': 'eager', 'log_cache_events': 'False', 'write_json': 'True', 'partial_parse': 'True', 'cache_selected_only': 'False', 'warn_error': 'None', 'version_check': 'True', 'profiles_dir': '/home/fabio/Documentos/receita-federal', 'log_path': '/home/fabio/Documentos/receita-federal/logs', 'fail_fast': 'False', 'debug': 'False', 'use_colors': 'True', 'use_experimental_parser': 'False', 'empty': 'None', 'quiet': 'False', 'no_print': 'None', 'warn_error_options': 'WarnErrorOptions(include=[], exclude=[])', 'invocation_command': 'dbt test', 'introspect': 'True', 'static_parser': 'True', 'target_path': 'None', 'log_format': 'default', 'send_anonymous_usage_stats': 'True'}
[0m20:16:55.327414 [error] [MainThread]: Encountered an error:
Runtime Error
  dbt cannot run because no profile was specified for this dbt project.
  To specify a profile for this project, add a line like the this to
  your dbt_project.yml file:
  
  profile: [profile name]
  
  Here, [profile name] should be replaced with a profile name
  defined in your profiles.yml file. You can find profiles.yml here:
  
  /home/fabio/Documentos/receita-federal/profiles.yml
  
[0m20:16:55.328578 [debug] [MainThread]: Resource report: {"command_name": "test", "command_wall_clock_time": 0.06643631, "process_user_time": 0.915834, "process_kernel_time": 0.064269, "process_mem_max_rss": "81896", "process_in_blocks": "1872", "process_out_blocks": "16", "command_success": false}
[0m20:16:55.329132 [debug] [MainThread]: Command `dbt test` failed at 20:16:55.329044 after 0.07 seconds
[0m20:16:55.329520 [debug] [MainThread]: Sending event: {'category': 'dbt', 'action': 'invocation', 'label': 'end', 'context': [<snowplow_tracker.self_describing_json.SelfDescribingJson object at 0x7dc200d4d280>, <snowplow_tracker.self_describing_json.SelfDescribingJson object at 0x7dc1fe063940>, <snowplow_tracker.self_describing_json.SelfDescribingJson object at 0x7dc1fded39a0>]}
[0m20:16:55.329876 [debug] [MainThread]: Flushing usage events
[0m20:18:21.927449 [debug] [MainThread]: Sending event: {'category': 'dbt', 'action': 'invocation', 'label': 'start', 'context': [<snowplow_tracker.self_describing_json.SelfDescribingJson object at 0x709456bdf250>, <snowplow_tracker.self_describing_json.SelfDescribingJson object at 0x7094566cd520>, <snowplow_tracker.self_describing_json.SelfDescribingJson object at 0x709454203a90>]}


============================== 20:18:21.929419 | 1c8252c9-ea51-44b7-bf19-a3f99890fc4a ==============================
[0m20:18:21.929419 [info ] [MainThread]: Running with dbt=1.8.5
[0m20:18:21.929990 [debug] [MainThread]: running dbt with arguments {'printer_width': '80', 'indirect_selection': 'eager', 'log_cache_events': 'False', 'write_json': 'True', 'partial_parse': 'True', 'cache_selected_only': 'False', 'warn_error': 'None', 'debug': 'False', 'version_check': 'True', 'log_path': '/home/fabio/Documentos/receita-federal/logs', 'fail_fast': 'False', 'profiles_dir': '/home/fabio/Documentos/receita-federal', 'use_colors': 'True', 'use_experimental_parser': 'False', 'empty': 'None', 'quiet': 'False', 'no_print': 'None', 'log_format': 'default', 'introspect': 'True', 'static_parser': 'True', 'warn_error_options': 'WarnErrorOptions(include=[], exclude=[])', 'target_path': 'None', 'invocation_command': 'dbt debug', 'send_anonymous_usage_stats': 'True'}
[0m20:18:21.936661 [info ] [MainThread]: dbt version: 1.8.5
[0m20:18:21.937071 [info ] [MainThread]: python version: 3.8.19
[0m20:18:21.937531 [info ] [MainThread]: python path: /home/fabio/anaconda3/envs/receita/bin/python
[0m20:18:21.937917 [info ] [MainThread]: os info: Linux-6.5.0-44-generic-x86_64-with-glibc2.17
[0m20:18:22.019663 [info ] [MainThread]: Using profiles dir at /home/fabio/Documentos/receita-federal
[0m20:18:22.020082 [info ] [MainThread]: Using profiles.yml file at /home/fabio/Documentos/receita-federal/profiles.yml
[0m20:18:22.020406 [info ] [MainThread]: Using dbt_project.yml file at /home/fabio/Documentos/receita-federal/dbt_project.yml
[0m20:18:22.020854 [info ] [MainThread]: adapter type: duckdb
[0m20:18:22.021179 [info ] [MainThread]: adapter version: 1.8.2
[0m20:18:22.096061 [info ] [MainThread]: Configuration:
[0m20:18:22.096476 [info ] [MainThread]:   profiles.yml file [[32mOK found and valid[0m]
[0m20:18:22.096800 [info ] [MainThread]:   dbt_project.yml file [[32mOK found and valid[0m]
[0m20:18:22.097116 [info ] [MainThread]: Required dependencies:
[0m20:18:22.097445 [debug] [MainThread]: Executing "git --help"
[0m20:18:22.101835 [debug] [MainThread]: STDOUT: "b"usage: git [--version] [--help] [-C <path>] [-c <name>=<value>]\n           [--exec-path[=<path>]] [--html-path] [--man-path] [--info-path]\n           [-p | --paginate | -P | --no-pager] [--no-replace-objects] [--bare]\n           [--git-dir=<path>] [--work-tree=<path>] [--namespace=<name>]\n           [--super-prefix=<path>] [--config-env=<name>=<envvar>]\n           <command> [<args>]\n\nThese are common Git commands used in various situations:\n\nstart a working area (see also: git help tutorial)\n   clone     Clone a repository into a new directory\n   init      Create an empty Git repository or reinitialize an existing one\n\nwork on the current change (see also: git help everyday)\n   add       Add file contents to the index\n   mv        Move or rename a file, a directory, or a symlink\n   restore   Restore working tree files\n   rm        Remove files from the working tree and from the index\n\nexamine the history and state (see also: git help revisions)\n   bisect    Use binary search to find the commit that introduced a bug\n   diff      Show changes between commits, commit and working tree, etc\n   grep      Print lines matching a pattern\n   log       Show commit logs\n   show      Show various types of objects\n   status    Show the working tree status\n\ngrow, mark and tweak your common history\n   branch    List, create, or delete branches\n   commit    Record changes to the repository\n   merge     Join two or more development histories together\n   rebase    Reapply commits on top of another base tip\n   reset     Reset current HEAD to the specified state\n   switch    Switch branches\n   tag       Create, list, delete or verify a tag object signed with GPG\n\ncollaborate (see also: git help workflows)\n   fetch     Download objects and refs from another repository\n   pull      Fetch from and integrate with another repository or a local branch\n   push      Update remote refs along with associated objects\n\n'git help -a' and 'git help -g' list available subcommands and some\nconcept guides. See 'git help <command>' or 'git help <concept>'\nto read about a specific subcommand or concept.\nSee 'git help git' for an overview of the system.\n""
[0m20:18:22.102445 [debug] [MainThread]: STDERR: "b''"
[0m20:18:22.102799 [info ] [MainThread]:  - git [[32mOK found[0m]

[0m20:18:22.103196 [info ] [MainThread]: Connection:
[0m20:18:22.103561 [info ] [MainThread]:   database: dados
[0m20:18:22.103880 [info ] [MainThread]:   schema: main
[0m20:18:22.104234 [info ] [MainThread]:   path: ./dados.duckdb
[0m20:18:22.104550 [info ] [MainThread]:   config_options: None
[0m20:18:22.104863 [info ] [MainThread]:   extensions: []
[0m20:18:22.105176 [info ] [MainThread]:   settings: {}
[0m20:18:22.105487 [info ] [MainThread]:   external_root: .
[0m20:18:22.105879 [info ] [MainThread]:   use_credential_provider: None
[0m20:18:22.106264 [info ] [MainThread]:   attach: None
[0m20:18:22.106699 [info ] [MainThread]:   filesystems: None
[0m20:18:22.107165 [info ] [MainThread]:   remote: None
[0m20:18:22.107738 [info ] [MainThread]:   plugins: None
[0m20:18:22.108112 [info ] [MainThread]:   disable_transactions: False
[0m20:18:22.108804 [info ] [MainThread]: Registered adapter: duckdb=1.8.2
[0m20:18:22.116355 [debug] [MainThread]: Acquiring new duckdb connection 'debug'
[0m20:18:22.136696 [debug] [MainThread]: Using duckdb connection "debug"
[0m20:18:22.137098 [debug] [MainThread]: On debug: select 1 as id
[0m20:18:22.137426 [debug] [MainThread]: Opening a new connection, currently in state init
[0m20:18:22.149205 [debug] [MainThread]: SQL status: OK in 0.012 seconds
[0m20:18:22.150060 [debug] [MainThread]: On debug: Close
[0m20:18:22.152170 [info ] [MainThread]:   Connection test: [[32mOK connection ok[0m]

[0m20:18:22.152541 [info ] [MainThread]: [32mAll checks passed![0m
[0m20:18:22.153273 [debug] [MainThread]: Resource report: {"command_name": "debug", "command_success": true, "command_wall_clock_time": 0.28194624, "process_user_time": 1.093923, "process_kernel_time": 0.08014, "process_mem_max_rss": "131000", "process_in_blocks": "1128", "process_out_blocks": "24"}
[0m20:18:22.153840 [debug] [MainThread]: Command `dbt debug` succeeded at 20:18:22.153750 after 0.28 seconds
[0m20:18:22.154189 [debug] [MainThread]: Connection 'debug' was properly closed.
[0m20:18:22.154539 [debug] [MainThread]: Sending event: {'category': 'dbt', 'action': 'invocation', 'label': 'end', 'context': [<snowplow_tracker.self_describing_json.SelfDescribingJson object at 0x709456bdf250>, <snowplow_tracker.self_describing_json.SelfDescribingJson object at 0x70944db0bee0>, <snowplow_tracker.self_describing_json.SelfDescribingJson object at 0x70945553c730>]}
[0m20:18:22.154972 [debug] [MainThread]: Flushing usage events
